

================================================================
== Vivado HLS Report for 'GaussianP'
================================================================
* Date:           Thu Jul 23 19:42:43 2020

* Version:        2019.1 (Build 2552052 on Fri May 24 15:28:33 MDT 2019)
* Project:        getID_hls
* Solution:       solution1
* Product family: zynq
* Target device:  xc7z020-clg484-1


================================================================
== Performance Estimates
================================================================
+ Timing (ns): 
    * Summary: 
    +--------+-------+----------+------------+
    |  Clock | Target| Estimated| Uncertainty|
    +--------+-------+----------+------------+
    |ap_clk  |  10.00|     9.376|        1.25|
    +--------+-------+----------+------------+

+ Latency (clock cycles): 
    * Summary: 
    +-----+-----+-----+-----+----------+
    |  Latency  |  Interval | Pipeline |
    | min | max | min | max |   Type   |
    +-----+-----+-----+-----+----------+
    |  115|  115|    5|    5| function |
    +-----+-----+-----+-----+----------+

    + Detail: 
        * Instance: 
        N/A

        * Loop: 
        N/A



================================================================
== Utilization Estimates
================================================================
* Summary: 
+-----------------+---------+-------+--------+-------+-----+
|       Name      | BRAM_18K| DSP48E|   FF   |  LUT  | URAM|
+-----------------+---------+-------+--------+-------+-----+
|DSP              |        -|      -|       -|      -|    -|
|Expression       |        -|      -|       0|    166|    -|
|FIFO             |        -|      -|       -|      -|    -|
|Instance         |        -|     62|    8530|  12434|    -|
|Memory           |        -|      -|       -|      -|    -|
|Multiplexer      |        -|      -|       -|    369|    -|
|Register         |       14|      -|    3723|     39|    -|
+-----------------+---------+-------+--------+-------+-----+
|Total            |       14|     62|   12253|  13008|    0|
+-----------------+---------+-------+--------+-------+-----+
|Available        |      280|    220|  106400|  53200|    0|
+-----------------+---------+-------+--------+-------+-----+
|Utilization (%)  |        5|     28|      11|     24|    0|
+-----------------+---------+-------+--------+-------+-----+

+ Detail: 
    * Instance: 
    +-------------------------+----------------------+---------+-------+------+------+-----+
    |         Instance        |        Module        | BRAM_18K| DSP48E|  FF  |  LUT | URAM|
    +-------------------------+----------------------+---------+-------+------+------+-----+
    |getTrackerID_hw_dbkb_U1  |getTrackerID_hw_dbkb  |        0|      3|   445|  1149|    0|
    |getTrackerID_hw_dcud_U2  |getTrackerID_hw_dcud  |        0|     11|   317|   578|    0|
    |getTrackerID_hw_dcud_U3  |getTrackerID_hw_dcud  |        0|     11|   317|   578|    0|
    |getTrackerID_hw_dcud_U4  |getTrackerID_hw_dcud  |        0|     11|   317|   578|    0|
    |getTrackerID_hw_ddEe_U5  |getTrackerID_hw_ddEe  |        0|      0|  3211|  3658|    0|
    |getTrackerID_hw_deOg_U6  |getTrackerID_hw_deOg  |        0|      0|   130|   469|    0|
    |getTrackerID_hw_dg8j_U8  |getTrackerID_hw_dg8j  |        0|      0|  1832|  2180|    0|
    |getTrackerID_hw_dhbi_U9  |getTrackerID_hw_dhbi  |        0|     26|  1549|  2599|    0|
    |getTrackerID_hw_sfYi_U7  |getTrackerID_hw_sfYi  |        0|      0|   412|   645|    0|
    +-------------------------+----------------------+---------+-------+------+------+-----+
    |Total                    |                      |        0|     62|  8530| 12434|    0|
    +-------------------------+----------------------+---------+-------+------+------+-----+

    * DSP48E: 
    N/A

    * Memory: 
    N/A

    * FIFO: 
    N/A

    * Expression: 
    +-----------------------------+----------+-------+---+----+------------+------------+
    |        Variable Name        | Operation| DSP48E| FF| LUT| Bitwidth P0| Bitwidth P1|
    +-----------------------------+----------+-------+---+----+------------+------------+
    |and_ln40_fu_197_p2           |    and   |      0|  0|   2|           1|           1|
    |and_ln43_fu_245_p2           |    and   |      0|  0|   2|           1|           1|
    |ap_block_pp0_stage0_00001    |    and   |      0|  0|   2|           1|           1|
    |ap_condition_574             |    and   |      0|  0|   2|           1|           1|
    |ap_condition_897             |    and   |      0|  0|   2|           1|           1|
    |icmp_ln40_1_fu_187_p2        |   icmp   |      0|  0|  29|          52|           1|
    |icmp_ln40_fu_181_p2          |   icmp   |      0|  0|  13|          11|           2|
    |icmp_ln43_1_fu_233_p2        |   icmp   |      0|  0|  29|          52|           1|
    |icmp_ln43_fu_227_p2          |   icmp   |      0|  0|  13|          11|           2|
    |ap_block_pp0_stage0_subdone  |    or    |      0|  0|   2|           1|           1|
    |or_ln40_fu_193_p2            |    or    |      0|  0|   2|           1|           1|
    |or_ln43_fu_239_p2            |    or    |      0|  0|   2|           1|           1|
    |determinant_1_fu_203_p3      |  select  |      0|  0|  64|           1|          62|
    |ap_enable_pp0                |    xor   |      0|  0|   2|           1|           2|
    +-----------------------------+----------+-------+---+----+------------+------------+
    |Total                        |          |      0|  0| 166|         136|          78|
    +-----------------------------+----------+-------+---+----+------------+------------+

    * Multiplexer: 
    +----------------------------------+----+-----------+-----+-----------+
    |               Name               | LUT| Input Size| Bits| Total Bits|
    +----------------------------------+----+-----------+-----+-----------+
    |ap_NS_fsm                         |  33|          6|    1|          6|
    |ap_enable_reg_pp0_iter0           |   9|          2|    1|          2|
    |ap_enable_reg_pp0_iter23          |   9|          2|    1|          2|
    |ap_phi_mux_p_0_phi_fu_92_p4       |   9|          2|   64|        128|
    |ap_phi_reg_pp0_iter16_p_0_reg_88  |   9|          2|   64|        128|
    |grp_fu_103_p0                     |  33|          6|   64|        384|
    |grp_fu_103_p1                     |  33|          6|   64|        384|
    |grp_fu_109_p0                     |  33|          6|   64|        384|
    |grp_fu_109_p1                     |  33|          6|   64|        384|
    |grp_fu_116_p0                     |  21|          4|   64|        256|
    |grp_fu_116_p1                     |  21|          4|   64|        256|
    |grp_fu_122_p1                     |  15|          3|   64|        192|
    |grp_fu_127_p0                     |  15|          3|   64|        192|
    |grp_fu_132_p0                     |  15|          3|   32|         96|
    |grp_fu_99_opcode                  |  15|          3|    2|          6|
    |grp_fu_99_p0                      |  33|          6|   64|        384|
    |grp_fu_99_p1                      |  33|          6|   64|        384|
    +----------------------------------+----+-----------+-----+-----------+
    |Total                             | 369|         70|  805|       3568|
    +----------------------------------+----+-----------+-----+-----------+

    * Register: 
    +----------------------------------+----+----+-----+-----------+
    |               Name               | FF | LUT| Bits| Const Bits|
    +----------------------------------+----+----+-----+-----------+
    |and_ln43_reg_452                  |   1|   0|    1|          0|
    |ap_CS_fsm                         |   5|   0|    5|          0|
    |ap_enable_reg_pp0_iter0_reg       |   1|   0|    1|          0|
    |ap_enable_reg_pp0_iter1           |   1|   0|    1|          0|
    |ap_enable_reg_pp0_iter10          |   1|   0|    1|          0|
    |ap_enable_reg_pp0_iter11          |   1|   0|    1|          0|
    |ap_enable_reg_pp0_iter12          |   1|   0|    1|          0|
    |ap_enable_reg_pp0_iter13          |   1|   0|    1|          0|
    |ap_enable_reg_pp0_iter14          |   1|   0|    1|          0|
    |ap_enable_reg_pp0_iter15          |   1|   0|    1|          0|
    |ap_enable_reg_pp0_iter16          |   1|   0|    1|          0|
    |ap_enable_reg_pp0_iter17          |   1|   0|    1|          0|
    |ap_enable_reg_pp0_iter18          |   1|   0|    1|          0|
    |ap_enable_reg_pp0_iter19          |   1|   0|    1|          0|
    |ap_enable_reg_pp0_iter2           |   1|   0|    1|          0|
    |ap_enable_reg_pp0_iter20          |   1|   0|    1|          0|
    |ap_enable_reg_pp0_iter21          |   1|   0|    1|          0|
    |ap_enable_reg_pp0_iter22          |   1|   0|    1|          0|
    |ap_enable_reg_pp0_iter23          |   1|   0|    1|          0|
    |ap_enable_reg_pp0_iter3           |   1|   0|    1|          0|
    |ap_enable_reg_pp0_iter4           |   1|   0|    1|          0|
    |ap_enable_reg_pp0_iter5           |   1|   0|    1|          0|
    |ap_enable_reg_pp0_iter6           |   1|   0|    1|          0|
    |ap_enable_reg_pp0_iter7           |   1|   0|    1|          0|
    |ap_enable_reg_pp0_iter8           |   1|   0|    1|          0|
    |ap_enable_reg_pp0_iter9           |   1|   0|    1|          0|
    |ap_phi_reg_pp0_iter10_p_0_reg_88  |  64|   0|   64|          0|
    |ap_phi_reg_pp0_iter11_p_0_reg_88  |  64|   0|   64|          0|
    |ap_phi_reg_pp0_iter12_p_0_reg_88  |  64|   0|   64|          0|
    |ap_phi_reg_pp0_iter13_p_0_reg_88  |  64|   0|   64|          0|
    |ap_phi_reg_pp0_iter14_p_0_reg_88  |  64|   0|   64|          0|
    |ap_phi_reg_pp0_iter15_p_0_reg_88  |  64|   0|   64|          0|
    |ap_phi_reg_pp0_iter16_p_0_reg_88  |  64|   0|   64|          0|
    |ap_phi_reg_pp0_iter17_p_0_reg_88  |  64|   0|   64|          0|
    |ap_phi_reg_pp0_iter18_p_0_reg_88  |  64|   0|   64|          0|
    |ap_phi_reg_pp0_iter19_p_0_reg_88  |  64|   0|   64|          0|
    |ap_phi_reg_pp0_iter1_p_0_reg_88   |  64|   0|   64|          0|
    |ap_phi_reg_pp0_iter20_p_0_reg_88  |  64|   0|   64|          0|
    |ap_phi_reg_pp0_iter21_p_0_reg_88  |  64|   0|   64|          0|
    |ap_phi_reg_pp0_iter22_p_0_reg_88  |  64|   0|   64|          0|
    |ap_phi_reg_pp0_iter23_p_0_reg_88  |  64|   0|   64|          0|
    |ap_phi_reg_pp0_iter2_p_0_reg_88   |  64|   0|   64|          0|
    |ap_phi_reg_pp0_iter3_p_0_reg_88   |  64|   0|   64|          0|
    |ap_phi_reg_pp0_iter4_p_0_reg_88   |  64|   0|   64|          0|
    |ap_phi_reg_pp0_iter5_p_0_reg_88   |  64|   0|   64|          0|
    |ap_phi_reg_pp0_iter6_p_0_reg_88   |  64|   0|   64|          0|
    |ap_phi_reg_pp0_iter7_p_0_reg_88   |  64|   0|   64|          0|
    |ap_phi_reg_pp0_iter8_p_0_reg_88   |  64|   0|   64|          0|
    |ap_phi_reg_pp0_iter9_p_0_reg_88   |  64|   0|   64|          0|
    |ap_port_reg_eventY                |  32|   0|   32|          0|
    |ap_port_reg_x                     |  64|   0|   64|          0|
    |ap_port_reg_y                     |  64|   0|   64|          0|
    |deltaX_reg_334                    |  64|   0|   64|          0|
    |deltaY_reg_357                    |  64|   0|   64|          0|
    |denom_reg_445                     |  64|   0|   64|          0|
    |determinant_1_reg_364             |  63|   0|   64|          1|
    |determinant_reg_341               |  63|   0|   64|          1|
    |expTerm_reg_425                   |  64|   0|   64|          0|
    |icmp_ln40_1_reg_352               |   1|   0|    1|          0|
    |icmp_ln40_reg_347                 |   1|   0|    1|          0|
    |p_x_assign_reg_329                |  64|   0|   64|          0|
    |sigmaXY_read_reg_271              |  64|   0|   64|          0|
    |sigmaX_read_reg_283               |  64|   0|   64|          0|
    |sigmaY_read_reg_277               |  64|   0|   64|          0|
    |tmp_23_reg_314                    |  64|   0|   64|          0|
    |tmp_24_reg_319                    |  64|   0|   64|          0|
    |tmp_25_reg_410                    |  64|   0|   64|          0|
    |tmp_26_reg_370                    |  64|   0|   64|          0|
    |tmp_27_reg_385                    |  64|   0|   64|          0|
    |tmp_28_reg_375                    |  64|   0|   64|          0|
    |tmp_29_reg_390                    |  64|   0|   64|          0|
    |tmp_30_reg_400                    |  64|   0|   64|          0|
    |tmp_31_reg_405                    |  64|   0|   64|          0|
    |tmp_32_reg_380                    |  64|   0|   64|          0|
    |tmp_33_reg_395                    |  64|   0|   64|          0|
    |tmp_34_reg_415                    |  64|   0|   64|          0|
    |tmp_35_reg_420                    |  64|   0|   64|          0|
    |tmp_36_reg_430                    |  64|   0|   64|          0|
    |tmp_37_reg_435                    |  64|   0|   64|          0|
    |tmp_38_reg_440                    |  64|   0|   64|          0|
    |tmp_reg_309                       |  64|   0|   64|          0|
    |tmp_s_reg_324                     |  64|   0|   64|          0|
    |trunc_ln368_1_reg_456             |  63|   0|   63|          0|
    |x_read_reg_304                    |  64|   0|   64|          0|
    |y_read_reg_299                    |  64|   0|   64|          0|
    |and_ln43_reg_452                  |  64|  32|    1|          0|
    |deltaY_reg_357                    |   1|   1|   64|          0|
    |sigmaXY_read_reg_271              |   3|   1|   64|          0|
    |sigmaX_read_reg_283               |   2|   1|   64|          0|
    |sigmaY_read_reg_277               |   2|   1|   64|          0|
    |tmp_27_reg_385                    |   1|   1|   64|          0|
    |tmp_33_reg_395                    |   2|   1|   64|          0|
    |tmp_36_reg_430                    |   3|   1|   64|          0|
    +----------------------------------+----+----+-----+-----------+
    |Total                             |3723|  39| 4096|          2|
    +----------------------------------+----+----+-----+-----------+



================================================================
== Interface
================================================================
* Summary: 
+-----------+-----+-----+------------+--------------+--------------+
| RTL Ports | Dir | Bits|  Protocol  | Source Object|    C Type    |
+-----------+-----+-----+------------+--------------+--------------+
|ap_clk     |  in |    1| ap_ctrl_hs |   GaussianP  | return value |
|ap_rst     |  in |    1| ap_ctrl_hs |   GaussianP  | return value |
|ap_start   |  in |    1| ap_ctrl_hs |   GaussianP  | return value |
|ap_done    | out |    1| ap_ctrl_hs |   GaussianP  | return value |
|ap_idle    | out |    1| ap_ctrl_hs |   GaussianP  | return value |
|ap_ready   | out |    1| ap_ctrl_hs |   GaussianP  | return value |
|ap_ce      |  in |    1| ap_ctrl_hs |   GaussianP  | return value |
|ap_return  | out |   64| ap_ctrl_hs |   GaussianP  | return value |
|eventX     |  in |   32|   ap_none  |    eventX    |    scalar    |
|eventY     |  in |   32|   ap_none  |    eventY    |    scalar    |
|x          |  in |   64|   ap_none  |       x      |    scalar    |
|y          |  in |   64|   ap_none  |       y      |    scalar    |
|sigmaX     |  in |   64|   ap_none  |    sigmaX    |    scalar    |
|sigmaY     |  in |   64|   ap_none  |    sigmaY    |    scalar    |
|sigmaXY    |  in |   64|   ap_none  |    sigmaXY   |    scalar    |
+-----------+-----+-----+------------+--------------+--------------+

