INFO: [HLS 200-10] Running 'C:/Xilinx/Vivado/2019.2/bin/unwrapped/win64.o/vivado_hls.exe'
INFO: [HLS 200-10] For user 'dstum' on host 'desktop-k2719b5' (Windows NT_amd64 version 6.2) on Tue Jul 14 10:42:07 -0400 2020
INFO: [HLS 200-10] In directory 'C:/Users/dstum/Desktop/SURG-2020/SURG-2020-BlobTrackingAccel/HLS'
Sourcing Tcl script 'C:/Users/dstum/Desktop/SURG-2020/SURG-2020-BlobTrackingAccel/HLS/getID_hls/solution1/csim.tcl'
INFO: [HLS 200-10] Opening project 'C:/Users/dstum/Desktop/SURG-2020/SURG-2020-BlobTrackingAccel/HLS/getID_hls'.
INFO: [HLS 200-10] Opening solution 'C:/Users/dstum/Desktop/SURG-2020/SURG-2020-BlobTrackingAccel/HLS/getID_hls/solution1'.
INFO: [SYN 201-201] Setting up clock 'default' with a period of 10ns.
INFO: [HLS 200-10] Setting target device to 'xc7z020-clg484-1'
INFO: [SIM 211-2] *************** CSIM start ***************
INFO: [SIM 211-4] CSIM will launch GCC as the compiler.
   Compiling ../../../getID_tb.cpp in debug mode
csim.mk:74: recipe for target 'obj/getID_tb.o' failed
In file included from ../../../getID_tb.cpp:2:0:
../../../hw_functions.cpp:1:25: fatal error: TrackerPool.h: No such file or directory
 #include "TrackerPool.h"
                         ^
compilation terminated.
make: *** [obj/getID_tb.o] Error 1
ERROR: [SIM 211-100] 'csim_design' failed: compilation error(s).
INFO: [SIM 211-3] *************** CSIM finish ***************
4
    while executing
"source C:/Users/dstum/Desktop/SURG-2020/SURG-2020-BlobTrackingAccel/HLS/getID_hls/solution1/csim.tcl"
    invoked from within
"hls::main C:/Users/dstum/Desktop/SURG-2020/SURG-2020-BlobTrackingAccel/HLS/getID_hls/solution1/csim.tcl"
    ("uplevel" body line 1)
    invoked from within
"uplevel 1 hls::main {*}$args"
    (procedure "hls_proc" line 5)
    invoked from within
"hls_proc $argv"
